d:\1.cours\isima\zz2\simulation\tp2\simulation_file\x64\debug\vc141.pdb
d:\1.cours\isima\zz2\simulation\tp2\simulation_file\x64\debug\simulation_file.obj
d:\1.cours\isima\zz2\simulation\tp2\simulation_file\x64\debug\simulation.obj
d:\1.cours\isima\zz2\simulation\tp2\simulation_file\x64\debug\assemblyinfo.obj
d:\1.cours\isima\zz2\simulation\tp2\simulation_file\x64\debug\.netframework,version=v4.5.2.assemblyattributes.obj
d:\1.cours\isima\zz2\simulation\tp2\simulation_file\x64\debug\.netframework,version=v4.5.2.assemblyattributes.asm
d:\1.cours\isima\zz2\simulation\tp2\simulation_file\x64\debug\machine.obj
d:\1.cours\isima\zz2\simulation\tp2\simulation_file\x64\debug\file.obj
d:\1.cours\isima\zz2\simulation\tp2\simulation_file\x64\debug\entree.obj
d:\1.cours\isima\zz2\simulation\tp2\simulation_file\x64\debug\client.obj
d:\1.cours\isima\zz2\simulation\tp2\x64\debug\simulation_file.exe
d:\1.cours\isima\zz2\simulation\tp2\x64\debug\simulation_file.pdb
d:\1.cours\isima\zz2\simulation\tp2\simulation_file\x64\debug\app.res
d:\1.cours\isima\zz2\simulation\tp2\simulation_file\x64\debug\simulation_file.form_main.resources
d:\1.cours\isima\zz2\simulation\tp2\simulation_file\x64\debug\simulation_file.vcxproj.generateresource.cache
d:\1.cours\isima\zz2\simulation\tp2\simulation_file\x64\debug\simulation_file.vcxprojassemblyreference.cache
d:\1.cours\isima\zz2\simulation\tp2\simulation_file\x64\debug\simulation_file.tlog\cl.command.1.tlog
d:\1.cours\isima\zz2\simulation\tp2\simulation_file\x64\debug\simulation_file.tlog\cl.read.1.tlog
d:\1.cours\isima\zz2\simulation\tp2\simulation_file\x64\debug\simulation_file.tlog\cl.write.1.tlog
d:\1.cours\isima\zz2\simulation\tp2\simulation_file\x64\debug\simulation_file.tlog\link.command.1.tlog
d:\1.cours\isima\zz2\simulation\tp2\simulation_file\x64\debug\simulation_file.tlog\link.read.1.tlog
d:\1.cours\isima\zz2\simulation\tp2\simulation_file\x64\debug\simulation_file.tlog\link.write.1.tlog
d:\1.cours\isima\zz2\simulation\tp2\simulation_file\x64\debug\simulation_file.tlog\metagen.read.1.tlog
d:\1.cours\isima\zz2\simulation\tp2\simulation_file\x64\debug\simulation_file.tlog\metagen.write.1.tlog
d:\1.cours\isima\zz2\simulation\tp2\simulation_file\x64\debug\simulation_file.tlog\rc.command.1.tlog
d:\1.cours\isima\zz2\simulation\tp2\simulation_file\x64\debug\simulation_file.tlog\rc.read.1.tlog
d:\1.cours\isima\zz2\simulation\tp2\simulation_file\x64\debug\simulation_file.tlog\rc.write.1.tlog
d:\1.cours\isima\zz2\simulation\tp2\simulation_file\x64\debug\simulation_file.tlog\simulation_file.write.1u.tlog
